[0223/235526.780:VERBOSE1:setup_main.cc(1516)] Command Line: "C:\Program Files\Google\Chrome\Application\110.0.5481.177\Installer\chrmstp.exe" --configure-user-settings --verbose-logging --system-level --channel=stable
[0223/235526.780:VERBOSE1:setup_main.cc(1522)] system install is 1
[0223/235526.795:VERBOSE1:install_util.cc(215)] Existing Chrome version found: 110.0.5481.177
[0223/235526.795:VERBOSE1:installer_state.cc(87)] Install Chrome
[0223/235526.905:VERBOSE1:install_util.cc(246)] Windows NT 10.0.22621
[0223/235526.911:VERBOSE1:install_worker.cc(1000)] Adding unregistration items for per-user Metro keys.
[0223/235526.911:VERBOSE1:work_item_list.cc(32)] Beginning execution of work item list Cleanup deprecated per-user registrations
[0223/235526.911:VERBOSE1:registry_util.cc(22)] Deleting registry key Software\Google\Chrome\Metro
[0223/235526.911:VERBOSE1:registry_util.cc(22)] Deleting registry key Software\Google\Chrome\Metro
[0223/235526.911:VERBOSE1:work_item_list.cc(53)] Successful execution of work item list Cleanup deprecated per-user registrations
[0223/235526.911:VERBOSE1:install.cc(486)] Launching ""C:\Program Files\Google\Chrome\Application\110.0.5481.177\Installer\chrmstp.exe" --channel=stable --system-level --verbose-logging --installerdata="C:\Program Files\Google\Chrome\Application\master_preferences" --create-shortcuts=2 --install-level=0" to create shortcuts
[0223/235526.936:VERBOSE1:setup_main.cc(1516)] Command Line: "C:\Program Files\Google\Chrome\Application\110.0.5481.177\Installer\chrmstp.exe" --channel=stable --system-level --verbose-logging --installerdata="C:\Program Files\Google\Chrome\Application\master_preferences" --create-shortcuts=2 --install-level=0
[0223/235526.936:VERBOSE1:setup_main.cc(1522)] system install is 1
[0223/235526.936:VERBOSE1:install_util.cc(215)] Existing Chrome version found: 110.0.5481.177
[0223/235526.936:VERBOSE1:installer_state.cc(87)] Install Chrome
[0223/235526.952:VERBOSE1:install_util.cc(246)] Windows NT 10.0.22621
[0223/235526.968:VERBOSE1:install.cc(121)] Overwriting per-user Desktop "Google Chrome" shortcut to C:\Program Files\Google\Chrome\Application\chrome.exe.
[0223/235526.968:WARNING:install.cc(119)] Failed: Overwriting (maybe the shortcut doesn't exist?) per-user Desktop "Google Chrome" shortcut to C:\Program Files\Google\Chrome\Application\chrome.exe.
[0223/235526.968:VERBOSE1:install.cc(121)] Overwriting per-user Quick Launch "Google Chrome" shortcut to C:\Program Files\Google\Chrome\Application\chrome.exe.
[0223/235527.046:VERBOSE1:install.cc(121)] Overwriting per-user Start menu "Google Chrome" shortcut to C:\Program Files\Google\Chrome\Application\chrome.exe.
[0223/235527.046:WARNING:install.cc(119)] Failed: Overwriting (maybe the shortcut doesn't exist?) per-user Start menu "Google Chrome" shortcut to C:\Program Files\Google\Chrome\Application\chrome.exe.
[0223/235527.062:ERROR:persistent_histogram_storage.cc(146)] Persistent histograms fail to write to file: C:\Program Files\Google\Chrome\Application\SetupMetrics\20230223235527.pma
[0223/235527.062:VERBOSE1:install.cc(502)] Shortcut creation process succeeded.
[0223/235527.093:ERROR:persistent_histogram_storage.cc(146)] Persistent histograms fail to write to file: C:\Program Files\Google\Chrome\Application\SetupMetrics\20230223235527.pma
