{"logTime": "0224/055708", "correlationVector":"335C026CD58A41F19101060BD5E443D8","action":"FETCH_UX_CONFIG", "result":""}
{"logTime": "0224/061707", "correlationVector":"1FA2B826BA814D1D887D17C03A74E880","action":"FETCH_UX_CONFIG", "result":""}
{"logTime": "0224/071706", "correlationVector":"C93A0B9E72B541B68B15ECE86AAA5C3F","action":"FETCH_UX_CONFIG", "result":""}
{"logTime": "0224/100010", "correlationVector":"A3D3CC6E27C345C9B2E562C1BB5EFBC4","action":"FETCH_UX_CONFIG", "result":""}
{"logTime": "0225/062323", "correlationVector":"ED791B7D01484BBEBB661D06C2E2D8D2","action":"FETCH_UX_CONFIG", "result":""}
{"logTime": "0225/072324", "correlationVector":"E1520428A9014508A9542214DE87021B","action":"FETCH_UX_CONFIG", "result":""}
{"logTime": "0225/202212", "correlationVector":"C5ED49F177D9440D8B8927E34EE9B39F","action":"FETCH_UX_CONFIG", "result":""}
{"logTime": "0226/075334", "correlationVector":"E9A3FF215EB04974BA860859CBE3AF95","action":"FETCH_UX_CONFIG", "result":""}
{"logTime": "0226/085334", "correlationVector":"E522EC3D70DE4A978EA122D97F513D6A","action":"FETCH_UX_CONFIG", "result":""}
{"logTime": "0226/115329", "correlationVector":"0A16FCC3EE3D45D08BF91274EA016028","action":"FETCH_UX_CONFIG", "result":""}
{"logTime": "0227/045002", "correlationVector":"011D2E3FB28B4CA187BA27E0145B040F","action":"FETCH_UX_CONFIG", "result":""}
{"logTime": "0227/120620", "correlationVector":"7C4286F47CDE4B389A19B9C6FE72CCC8","action":"FETCH_UX_CONFIG", "result":""}
{"logTime": "0227/130614", "correlationVector":"B9C4E28CD2C14C87ADE41ADFD53269D1","action":"FETCH_UX_CONFIG", "result":""}
{"logTime": "0227/140613", "correlationVector":"B58332F2222D4CD49974167E6CF33704","action":"FETCH_UX_CONFIG", "result":""}
{"logTime": "0227/150613", "correlationVector":"134BA1B64FD8491EA944E4CF19554FBE","action":"FETCH_UX_CONFIG", "result":""}
{"logTime": "0227/160613", "correlationVector":"9B23E6783E7948FD91891A2E0F697A8D","action":"FETCH_UX_CONFIG", "result":""}
{"logTime": "0228/232834", "correlationVector":"79D0553C90D74E07A67447CDFA9EECF4","action":"FETCH_UX_CONFIG", "result":""}
{"logTime": "0301/002831", "correlationVector":"C5CA9E8749864DE8A7DF9483B5581C3C","action":"FETCH_UX_CONFIG", "result":""}
{"logTime": "0301/012831", "correlationVector":"B6C388DAB8454EB6BDA3535147E63833","action":"FETCH_UX_CONFIG", "result":""}
{"logTime": "0301/022831", "correlationVector":"38CFC93FEF12423E8688D3596AECEFAA","action":"FETCH_UX_CONFIG", "result":""}
{"logTime": "0301/032831", "correlationVector":"F969E0199C6149BBB1EE36E2F93FB752","action":"FETCH_UX_CONFIG", "result":""}
{"logTime": "0302/051416", "correlationVector":"2AD0398FECAD484CBFC2AE12E05CA953","action":"FETCH_UX_CONFIG", "result":""}
{"logTime": "0303/064946", "correlationVector":"3E4F2548A75044C8A0899B988D2886DE","action":"FETCH_UX_CONFIG", "result":""}
{"logTime": "0304/075806", "correlationVector":"49A43D41A8BE4C71A08390EADA787F93","action":"FETCH_UX_CONFIG", "result":""}
{"logTime": "0304/152038", "correlationVector":"BC0F05DC09444BBCADD1EDB68D5D8295","action":"FETCH_UX_CONFIG", "result":""}
{"logTime": "0304/152324", "correlationVector":"jZF4OHsmtf6V8bpMjNvTeC","action":"EXTENSION_ACTIVITY_LOG_STATUS_FETCHER", "result":""}
{"logTime": "0305/014503", "correlationVector":"ulILClc7kx3rROELK4mIjI","action":"EXTENSION_ACTIVITY_LOG_STATUS_FETCHER", "result":""}
{"logTime": "0305/065933", "correlationVector":"aF6SszcJUG+7wy4dXja9Q6","action":"EXTENSION_ACTIVITY_LOG_STATUS_FETCHER", "result":""}
{"logTime": "0305/065937", "correlationVector":"17CE469541664CE68CB582931AC99CFA","action":"FETCH_UX_CONFIG", "result":""}
{"logTime": "0305/151932", "correlationVector":"NZg/ts4rOcRuHd4HTXfHdf","action":"EXTENSION_ACTIVITY_LOG_STATUS_FETCHER", "result":""}
{"logTime": "0305/232216", "correlationVector":"eag2jFD3Aoq1moHu5DIyIz","action":"EXTENSION_ACTIVITY_LOG_STATUS_FETCHER", "result":""}
{"logTime": "0306/080045", "correlationVector":"vMNDFyUwIEiSFZKwOLcB6x","action":"EXTENSION_ACTIVITY_LOG_STATUS_FETCHER", "result":""}
{"logTime": "0306/154944", "correlationVector":"wiurZS85OdGCrh3+ryJxim","action":"EXTENSION_ACTIVITY_LOG_STATUS_FETCHER", "result":""}
{"logTime": "0306/164944", "correlationVector":"2D06FE5784FA494689365EFD10760E67","action":"FETCH_UX_CONFIG", "result":""}
{"logTime": "0306/175015", "correlationVector":"C43A12EC08C842F9AEB377686E50AA82","action":"FETCH_UX_CONFIG", "result":""}
{"logTime": "0306/185744", "correlationVector":"4901D2BC786D449FAA390F0C42F5D9DD","action":"FETCH_UX_CONFIG", "result":""}
{"logTime": "0306/222608", "correlationVector":"C1GxNFrJOg2jJc1TWgQJ+X","action":"EXTENSION_ACTIVITY_LOG_STATUS_FETCHER", "result":""}
{"logTime": "0306/222608", "correlationVector":"D14D220E95F940D3A948F00720D12C5F","action":"FETCH_UX_CONFIG", "result":""}
{"logTime": "0307/090205", "correlationVector":"fsPdnZ5S64p8XizciqThCo","action":"EXTENSION_ACTIVITY_LOG_STATUS_FETCHER", "result":""}
{"logTime": "0307/090210", "correlationVector":"E3CB6BB50B2248D8B2CEE9CB6C502DE6","action":"FETCH_UX_CONFIG", "result":""}
{"logTime": "0308/044725", "correlationVector":"h+yBFqs6qHs2HnSKzH1P51","action":"EXTENSION_ACTIVITY_LOG_STATUS_FETCHER", "result":""}
{"logTime": "0308/044726", "correlationVector":"6CB161A091C644929304A2E2B2492F03","action":"FETCH_UX_CONFIG", "result":""}
{"logTime": "0310/120604", "correlationVector":"YOtUDQRXZy65s1wyWXB0RV","action":"EXTENSION_ACTIVITY_LOG_STATUS_FETCHER", "result":""}
